<?xml version="1.0" encoding="UTF-8"?>
<robot generator="Robot 5.0.1 (Python 3.10.6 on win32)" generated="20220902 21:03:30.504" rpa="false" schemaversion="3">
<suite id="s1" name="Api" source="c:\Users\jorge.castro\Desktop\Automation\UI automation\test\api">
<kw name="Set environment for execution" type="SETUP">
<kw name="Get File" library="OperatingSystem">
<var>${file}</var>
<arg>${EXECDIR}\\resources\\environment.json</arg>
<doc>Returns the contents of a specified file.</doc>
<msg timestamp="20220902 21:03:30.604" level="INFO" html="true">Getting file '&lt;a href="file://C:\Users\jorge.castro\Desktop\Automation\UI automation\resources\environment.json"&gt;C:\Users\jorge.castro\Desktop\Automation\UI automation\resources\environment.json&lt;/a&gt;'.</msg>
<msg timestamp="20220902 21:03:30.605" level="INFO">${file} = {
    "environment": "development"
}</msg>
<status status="PASS" starttime="20220902 21:03:30.603" endtime="20220902 21:03:30.605"/>
</kw>
<kw name="To Json" library="RequestsLibrary">
<var>${env}</var>
<arg>${file}</arg>
<doc>*DEPRECATED* Please use ${resp.json()} instead. Have a look at the improved HTML output as pretty printing replacement.</doc>
<msg timestamp="20220902 21:03:30.605" level="WARN">Keyword 'RequestsLibrary.To Json' is deprecated. Please use ${resp.json()} instead. Have a look at the improved HTML output as pretty printing replacement.</msg>
<msg timestamp="20220902 21:03:30.606" level="INFO">To JSON using : content={
    "environment": "development"
} </msg>
<msg timestamp="20220902 21:03:30.606" level="INFO">To JSON using : pretty_print=False </msg>
<msg timestamp="20220902 21:03:30.606" level="INFO">${env} = {'environment': 'development'}</msg>
<status status="PASS" starttime="20220902 21:03:30.605" endtime="20220902 21:03:30.606"/>
</kw>
<kw name="Get From Dictionary" library="Collections">
<var>${env}</var>
<arg>${env}</arg>
<arg>environment</arg>
<doc>Returns a value from the given ``dictionary`` based on the given ``key``.</doc>
<msg timestamp="20220902 21:03:30.606" level="INFO">${env} = development</msg>
<status status="PASS" starttime="20220902 21:03:30.606" endtime="20220902 21:03:30.606"/>
</kw>
<kw name="Run Keyword If" library="BuiltIn">
<arg>'${env}'=='development'</arg>
<arg>Set environment helper</arg>
<arg>dev</arg>
<doc>Runs the given keyword with the given arguments, if ``condition`` is true.</doc>
<kw name="Set environment helper">
<arg>dev</arg>
<kw name="Set Global Variable" library="BuiltIn">
<arg>${RESOURCES_PATH}</arg>
<arg>${EXECDIR}\\resources\\env\\${environment}\\</arg>
<doc>Makes a variable available globally in all tests and suites.</doc>
<msg timestamp="20220902 21:03:30.608" level="INFO">${RESOURCES_PATH} = C:\Users\jorge.castro\Desktop\Automation\UI automation\resources\env\dev\</msg>
<status status="PASS" starttime="20220902 21:03:30.607" endtime="20220902 21:03:30.608"/>
</kw>
<status status="PASS" starttime="20220902 21:03:30.607" endtime="20220902 21:03:30.608"/>
</kw>
<status status="PASS" starttime="20220902 21:03:30.607" endtime="20220902 21:03:30.608"/>
</kw>
<kw name="Run Keyword If" library="BuiltIn">
<arg>'${env}'=='preproduccion'</arg>
<arg>Set environment helper</arg>
<arg>pre</arg>
<doc>Runs the given keyword with the given arguments, if ``condition`` is true.</doc>
<status status="PASS" starttime="20220902 21:03:30.608" endtime="20220902 21:03:30.608"/>
</kw>
<kw name="Get Variable Value" library="BuiltIn">
<var>${is_environment_settled}</var>
<arg>${RESOURCES_PATH}</arg>
<doc>Returns variable value or ``default`` if the variable does not exist.</doc>
<msg timestamp="20220902 21:03:30.608" level="INFO">${is_environment_settled} = C:\Users\jorge.castro\Desktop\Automation\UI automation\resources\env\dev\</msg>
<status status="PASS" starttime="20220902 21:03:30.608" endtime="20220902 21:03:30.608"/>
</kw>
<kw name="Should Not Be Equal" library="BuiltIn">
<arg>${is_environment_settled}</arg>
<arg>${None}</arg>
<arg>msg=${error_environment_message}</arg>
<doc>Fails if the given objects are equal.</doc>
<msg timestamp="20220902 21:03:30.608" level="INFO">Argument types are:
&lt;class 'str'&gt;
&lt;class 'NoneType'&gt;</msg>
<status status="PASS" starttime="20220902 21:03:30.608" endtime="20220902 21:03:30.609"/>
</kw>
<status status="PASS" starttime="20220902 21:03:30.602" endtime="20220902 21:03:30.609"/>
</kw>
<suite id="s1-s1" name="People" source="c:\Users\jorge.castro\Desktop\Automation\UI automation\test\api\people.robot">
<test id="s1-s1-t1" name="Testing the people star wars API" line="19">
<kw name="Get data csv from resources" library="resources">
<var>${file_data}</var>
<arg>people_data.json</arg>
<kw name="Get File" library="OperatingSystem">
<var>${file}</var>
<arg>${RESOURCES_PATH}${file_name}</arg>
<doc>Returns the contents of a specified file.</doc>
<msg timestamp="20220902 21:03:30.626" level="INFO" html="true">Getting file '&lt;a href="file://C:\Users\jorge.castro\Desktop\Automation\UI automation\resources\env\dev\people_data.json"&gt;C:\Users\jorge.castro\Desktop\Automation\UI automation\resources\env\dev\people_data.json&lt;/a&gt;'.</msg>
<msg timestamp="20220902 21:03:30.628" level="INFO">${file} = [
    {
        "people_id": 1,
        "expected_name": "Luke Skywalker"
    },
    {
        "people_id": 2,
        "expected_name": "C-3PO"
    },
    {
        "people_id": 3,
        "expected_n...</msg>
<status status="PASS" starttime="20220902 21:03:30.626" endtime="20220902 21:03:30.628"/>
</kw>
<msg timestamp="20220902 21:03:30.629" level="INFO">${file_data} = [
    {
        "people_id": 1,
        "expected_name": "Luke Skywalker"
    },
    {
        "people_id": 2,
        "expected_name": "C-3PO"
    },
    {
        "people_id": 3,
        "expected_n...</msg>
<status status="PASS" starttime="20220902 21:03:30.626" endtime="20220902 21:03:30.629"/>
</kw>
<kw name="To Json" library="RequestsLibrary">
<var>${file_data}</var>
<arg>content=${file_data}</arg>
<doc>*DEPRECATED* Please use ${resp.json()} instead. Have a look at the improved HTML output as pretty printing replacement.</doc>
<msg timestamp="20220902 21:03:30.632" level="WARN">Keyword 'RequestsLibrary.To Json' is deprecated. Please use ${resp.json()} instead. Have a look at the improved HTML output as pretty printing replacement.</msg>
<msg timestamp="20220902 21:03:30.636" level="INFO">To JSON using : content=[
    {
        "people_id": 1,
        "expected_name": "Luke Skywalker"
    },
    {
        "people_id": 2,
        "expected_name": "C-3PO"
    },
    {
        "people_id": 3,
        "expected_name": "R2-D2"
    }
] </msg>
<msg timestamp="20220902 21:03:30.636" level="INFO">To JSON using : pretty_print=False </msg>
<msg timestamp="20220902 21:03:30.636" level="INFO">${file_data} = [{'people_id': 1, 'expected_name': 'Luke Skywalker'}, {'people_id': 2, 'expected_name': 'C-3PO'}, {'people_id': 3, 'expected_name': 'R2-D2'}]</msg>
<status status="PASS" starttime="20220902 21:03:30.631" endtime="20220902 21:03:30.636"/>
</kw>
<for flavor="IN">
<var>${element}</var>
<value>@{file_data}</value>
<iter>
<var name="${element}">{'people_id': 1, 'expected_name': 'Luke Skywalker'}</var>
<kw name="Get From Dictionary" library="Collections">
<var>${people_id}</var>
<arg>${element}</arg>
<arg>people_id</arg>
<doc>Returns a value from the given ``dictionary`` based on the given ``key``.</doc>
<msg timestamp="20220902 21:03:30.638" level="INFO">${people_id} = 1</msg>
<status status="PASS" starttime="20220902 21:03:30.637" endtime="20220902 21:03:30.638"/>
</kw>
<kw name="Get From Dictionary" library="Collections">
<var>${expected_name}</var>
<arg>${element}</arg>
<arg>expected_name</arg>
<doc>Returns a value from the given ``dictionary`` based on the given ``key``.</doc>
<msg timestamp="20220902 21:03:30.638" level="INFO">${expected_name} = Luke Skywalker</msg>
<status status="PASS" starttime="20220902 21:03:30.638" endtime="20220902 21:03:30.638"/>
</kw>
<kw name="Get api people star wars given a ${people_id} validate ${expected_name}" sourcename="Get api people star wars given a ${people_id} validate ${expected_name}">
<kw name="GET" library="RequestsLibrary">
<var>${response}</var>
<arg>${start_wars_base_endpoint}${people_endpoint}${people_id}</arg>
<arg>expected_status=200</arg>
<doc>Sends a GET request.</doc>
<msg timestamp="20220902 21:03:31.974" level="INFO">GET Request : url=https://swapi.dev/api/people/1 
 path_url=/api/people/1 
 headers={'User-Agent': 'python-requests/2.28.1', 'Accept-Encoding': 'gzip, deflate', 'Accept': '*/*', 'Connection': 'keep-alive'} 
 body=None 
 </msg>
<msg timestamp="20220902 21:03:31.975" level="INFO">GET Response : url=https://swapi.dev/api/people/1 
 status=200, reason=OK 
 headers={'Server': 'nginx/1.16.1', 'Date': 'Sat, 03 Sep 2022 00:04:18 GMT', 'Content-Type': 'application/json', 'Transfer-Encoding': 'chunked', 'Connection': 'keep-alive', 'Vary': 'Accept, Cookie', 'X-Frame-Options': 'SAMEORIGIN', 'ETag': '"ee398610435c328f4d0a4e1b0d2f7bbc"', 'Allow': 'GET, HEAD, OPTIONS', 'Strict-Transport-Security': 'max-age=15768000'} 
 body={"name":"Luke Skywalker","height":"172","mass":"77","hair_color":"blond","skin_color":"fair","eye_color":"blue","birth_year":"19BBY","gender":"male","homeworld":"https://swapi.dev/api/planets/1/","films":["https://swapi.dev/api/films/1/","https://swapi.dev/api/films/2/","https://swapi.dev/api/films/3/","https://swapi.dev/api/films/6/"],"species":[],"vehicles":["https://swapi.dev/api/vehicles/14/","https://swapi.dev/api/vehicles/30/"],"starships":["https://swapi.dev/api/starships/12/","https://swapi.dev/api/starships/22/"],"created":"2014-12-09T13:50:51.644000Z","edited":"2014-12-20T21:17:56.891000Z","url":"https://swapi.dev/api/people/1/"} 
 </msg>
<msg timestamp="20220902 21:03:31.975" level="INFO">${response} = &lt;Response [200]&gt;</msg>
<status status="PASS" starttime="20220902 21:03:30.638" endtime="20220902 21:03:31.975"/>
</kw>
<kw name="Set Variable" library="BuiltIn">
<var>${actual_name}</var>
<arg>${response.json()['name']}</arg>
<doc>Returns the given values which can then be assigned to a variables.</doc>
<msg timestamp="20220902 21:03:31.976" level="INFO">${actual_name} = Luke Skywalker</msg>
<status status="PASS" starttime="20220902 21:03:31.975" endtime="20220902 21:03:31.976"/>
</kw>
<kw name="Should Be Equal" library="BuiltIn">
<arg>${actual_name}</arg>
<arg>${expected_name}</arg>
<doc>Fails if the given objects are unequal.</doc>
<status status="PASS" starttime="20220902 21:03:31.976" endtime="20220902 21:03:31.976"/>
</kw>
<status status="PASS" starttime="20220902 21:03:30.638" endtime="20220902 21:03:31.976"/>
</kw>
<status status="PASS" starttime="20220902 21:03:30.637" endtime="20220902 21:03:31.976"/>
</iter>
<iter>
<var name="${element}">{'people_id': 2, 'expected_name': 'C-3PO'}</var>
<kw name="Get From Dictionary" library="Collections">
<var>${people_id}</var>
<arg>${element}</arg>
<arg>people_id</arg>
<doc>Returns a value from the given ``dictionary`` based on the given ``key``.</doc>
<msg timestamp="20220902 21:03:31.976" level="INFO">${people_id} = 2</msg>
<status status="PASS" starttime="20220902 21:03:31.976" endtime="20220902 21:03:31.976"/>
</kw>
<kw name="Get From Dictionary" library="Collections">
<var>${expected_name}</var>
<arg>${element}</arg>
<arg>expected_name</arg>
<doc>Returns a value from the given ``dictionary`` based on the given ``key``.</doc>
<msg timestamp="20220902 21:03:31.976" level="INFO">${expected_name} = C-3PO</msg>
<status status="PASS" starttime="20220902 21:03:31.976" endtime="20220902 21:03:31.976"/>
</kw>
<kw name="Get api people star wars given a ${people_id} validate ${expected_name}" sourcename="Get api people star wars given a ${people_id} validate ${expected_name}">
<kw name="GET" library="RequestsLibrary">
<var>${response}</var>
<arg>${start_wars_base_endpoint}${people_endpoint}${people_id}</arg>
<arg>expected_status=200</arg>
<doc>Sends a GET request.</doc>
<msg timestamp="20220902 21:03:33.054" level="INFO">GET Request : url=https://swapi.dev/api/people/2 
 path_url=/api/people/2 
 headers={'User-Agent': 'python-requests/2.28.1', 'Accept-Encoding': 'gzip, deflate', 'Accept': '*/*', 'Connection': 'keep-alive'} 
 body=None 
 </msg>
<msg timestamp="20220902 21:03:33.054" level="INFO">GET Response : url=https://swapi.dev/api/people/2 
 status=200, reason=OK 
 headers={'Server': 'nginx/1.16.1', 'Date': 'Sat, 03 Sep 2022 00:04:20 GMT', 'Content-Type': 'application/json', 'Transfer-Encoding': 'chunked', 'Connection': 'keep-alive', 'Vary': 'Accept, Cookie', 'X-Frame-Options': 'SAMEORIGIN', 'ETag': '"fa1358a5c603d8393431bfb632861d08"', 'Allow': 'GET, HEAD, OPTIONS', 'Strict-Transport-Security': 'max-age=15768000'} 
 body={"name":"C-3PO","height":"167","mass":"75","hair_color":"n/a","skin_color":"gold","eye_color":"yellow","birth_year":"112BBY","gender":"n/a","homeworld":"https://swapi.dev/api/planets/1/","films":["https://swapi.dev/api/films/1/","https://swapi.dev/api/films/2/","https://swapi.dev/api/films/3/","https://swapi.dev/api/films/4/","https://swapi.dev/api/films/5/","https://swapi.dev/api/films/6/"],"species":["https://swapi.dev/api/species/2/"],"vehicles":[],"starships":[],"created":"2014-12-10T15:10:51.357000Z","edited":"2014-12-20T21:17:50.309000Z","url":"https://swapi.dev/api/people/2/"} 
 </msg>
<msg timestamp="20220902 21:03:33.054" level="INFO">${response} = &lt;Response [200]&gt;</msg>
<status status="PASS" starttime="20220902 21:03:31.977" endtime="20220902 21:03:33.054"/>
</kw>
<kw name="Set Variable" library="BuiltIn">
<var>${actual_name}</var>
<arg>${response.json()['name']}</arg>
<doc>Returns the given values which can then be assigned to a variables.</doc>
<msg timestamp="20220902 21:03:33.054" level="INFO">${actual_name} = C-3PO</msg>
<status status="PASS" starttime="20220902 21:03:33.054" endtime="20220902 21:03:33.054"/>
</kw>
<kw name="Should Be Equal" library="BuiltIn">
<arg>${actual_name}</arg>
<arg>${expected_name}</arg>
<doc>Fails if the given objects are unequal.</doc>
<status status="PASS" starttime="20220902 21:03:33.054" endtime="20220902 21:03:33.054"/>
</kw>
<status status="PASS" starttime="20220902 21:03:31.976" endtime="20220902 21:03:33.054"/>
</kw>
<status status="PASS" starttime="20220902 21:03:31.976" endtime="20220902 21:03:33.054"/>
</iter>
<iter>
<var name="${element}">{'people_id': 3, 'expected_name': 'R2-D2'}</var>
<kw name="Get From Dictionary" library="Collections">
<var>${people_id}</var>
<arg>${element}</arg>
<arg>people_id</arg>
<doc>Returns a value from the given ``dictionary`` based on the given ``key``.</doc>
<msg timestamp="20220902 21:03:33.054" level="INFO">${people_id} = 3</msg>
<status status="PASS" starttime="20220902 21:03:33.054" endtime="20220902 21:03:33.054"/>
</kw>
<kw name="Get From Dictionary" library="Collections">
<var>${expected_name}</var>
<arg>${element}</arg>
<arg>expected_name</arg>
<doc>Returns a value from the given ``dictionary`` based on the given ``key``.</doc>
<msg timestamp="20220902 21:03:33.054" level="INFO">${expected_name} = R2-D2</msg>
<status status="PASS" starttime="20220902 21:03:33.054" endtime="20220902 21:03:33.054"/>
</kw>
<kw name="Get api people star wars given a ${people_id} validate ${expected_name}" sourcename="Get api people star wars given a ${people_id} validate ${expected_name}">
<kw name="GET" library="RequestsLibrary">
<var>${response}</var>
<arg>${start_wars_base_endpoint}${people_endpoint}${people_id}</arg>
<arg>expected_status=200</arg>
<doc>Sends a GET request.</doc>
<msg timestamp="20220902 21:03:34.147" level="INFO">GET Request : url=https://swapi.dev/api/people/3 
 path_url=/api/people/3 
 headers={'User-Agent': 'python-requests/2.28.1', 'Accept-Encoding': 'gzip, deflate', 'Accept': '*/*', 'Connection': 'keep-alive'} 
 body=None 
 </msg>
<msg timestamp="20220902 21:03:34.147" level="INFO">GET Response : url=https://swapi.dev/api/people/3 
 status=200, reason=OK 
 headers={'Server': 'nginx/1.16.1', 'Date': 'Sat, 03 Sep 2022 00:04:21 GMT', 'Content-Type': 'application/json', 'Transfer-Encoding': 'chunked', 'Connection': 'keep-alive', 'Vary': 'Accept, Cookie', 'X-Frame-Options': 'SAMEORIGIN', 'ETag': '"0f87c4bec3e319065be384f7ebfe9da9"', 'Allow': 'GET, HEAD, OPTIONS', 'Strict-Transport-Security': 'max-age=15768000'} 
 body={"name":"R2-D2","height":"96","mass":"32","hair_color":"n/a","skin_color":"white, blue","eye_color":"red","birth_year":"33BBY","gender":"n/a","homeworld":"https://swapi.dev/api/planets/8/","films":["https://swapi.dev/api/films/1/","https://swapi.dev/api/films/2/","https://swapi.dev/api/films/3/","https://swapi.dev/api/films/4/","https://swapi.dev/api/films/5/","https://swapi.dev/api/films/6/"],"species":["https://swapi.dev/api/species/2/"],"vehicles":[],"starships":[],"created":"2014-12-10T15:11:50.376000Z","edited":"2014-12-20T21:17:50.311000Z","url":"https://swapi.dev/api/people/3/"} 
 </msg>
<msg timestamp="20220902 21:03:34.147" level="INFO">${response} = &lt;Response [200]&gt;</msg>
<status status="PASS" starttime="20220902 21:03:33.054" endtime="20220902 21:03:34.147"/>
</kw>
<kw name="Set Variable" library="BuiltIn">
<var>${actual_name}</var>
<arg>${response.json()['name']}</arg>
<doc>Returns the given values which can then be assigned to a variables.</doc>
<msg timestamp="20220902 21:03:34.148" level="INFO">${actual_name} = R2-D2</msg>
<status status="PASS" starttime="20220902 21:03:34.147" endtime="20220902 21:03:34.148"/>
</kw>
<kw name="Should Be Equal" library="BuiltIn">
<arg>${actual_name}</arg>
<arg>${expected_name}</arg>
<doc>Fails if the given objects are unequal.</doc>
<status status="PASS" starttime="20220902 21:03:34.148" endtime="20220902 21:03:34.148"/>
</kw>
<status status="PASS" starttime="20220902 21:03:33.054" endtime="20220902 21:03:34.148"/>
</kw>
<status status="PASS" starttime="20220902 21:03:33.054" endtime="20220902 21:03:34.148"/>
</iter>
<status status="PASS" starttime="20220902 21:03:30.637" endtime="20220902 21:03:34.148"/>
</for>
<status status="PASS" starttime="20220902 21:03:30.625" endtime="20220902 21:03:34.149"/>
</test>
<status status="PASS" starttime="20220902 21:03:30.609" endtime="20220902 21:03:34.151"/>
</suite>
<status status="PASS" starttime="20220902 21:03:30.504" endtime="20220902 21:03:34.154"/>
</suite>
<statistics>
<total>
<stat pass="1" fail="0" skip="0">All Tests</stat>
</total>
<tag>
</tag>
<suite>
<stat pass="1" fail="0" skip="0" id="s1" name="Api">Api</stat>
<stat pass="1" fail="0" skip="0" id="s1-s1" name="People">Api.People</stat>
</suite>
</statistics>
<errors>
<msg timestamp="20220902 21:03:30.605" level="WARN">Keyword 'RequestsLibrary.To Json' is deprecated. Please use ${resp.json()} instead. Have a look at the improved HTML output as pretty printing replacement.</msg>
<msg timestamp="20220902 21:03:30.632" level="WARN">Keyword 'RequestsLibrary.To Json' is deprecated. Please use ${resp.json()} instead. Have a look at the improved HTML output as pretty printing replacement.</msg>
</errors>
</robot>
